[0.027s] Invoking command in '/home/petomartin/homework/ros2_ws/build/homework_package': CMAKE_PREFIX_PATH=${CMAKE_PREFIX_PATH}:/home/petomartin/ros2_ws/install/my_robot_controller:/home/petomartin/ros2_ws/install/gazesim:/home/petomartin/install/my_robot_controller:/home/petomartin/install/ament_cmake_core:/opt/ros/humble /usr/bin/cmake --build /home/petomartin/homework/ros2_ws/build/homework_package -- -j8 -l8
[0.132s] [35m[1mConsolidate compiler generated dependencies of target division_node[0m
[0.148s] [ 50%] [32mBuilding CXX object CMakeFiles/division_node.dir/src/division_node.cpp.o[0m
[7.426s] [100%] [32m[1mLinking CXX executable division_node[0m
[7.895s] [100%] Built target division_node
[7.904s] Invoked command in '/home/petomartin/homework/ros2_ws/build/homework_package' returned '0': CMAKE_PREFIX_PATH=${CMAKE_PREFIX_PATH}:/home/petomartin/ros2_ws/install/my_robot_controller:/home/petomartin/ros2_ws/install/gazesim:/home/petomartin/install/my_robot_controller:/home/petomartin/install/ament_cmake_core:/opt/ros/humble /usr/bin/cmake --build /home/petomartin/homework/ros2_ws/build/homework_package -- -j8 -l8
[7.933s] Invoking command in '/home/petomartin/homework/ros2_ws/build/homework_package': CMAKE_PREFIX_PATH=${CMAKE_PREFIX_PATH}:/home/petomartin/ros2_ws/install/my_robot_controller:/home/petomartin/ros2_ws/install/gazesim:/home/petomartin/install/my_robot_controller:/home/petomartin/install/ament_cmake_core:/opt/ros/humble /usr/bin/cmake --install /home/petomartin/homework/ros2_ws/build/homework_package
[7.940s] -- Install configuration: ""
[7.941s] -- Up-to-date: /home/petomartin/homework/ros2_ws/install/homework_package/share/ament_index/resource_index/package_run_dependencies/homework_package
[7.941s] -- Up-to-date: /home/petomartin/homework/ros2_ws/install/homework_package/share/ament_index/resource_index/parent_prefix_path/homework_package
[7.942s] -- Up-to-date: /home/petomartin/homework/ros2_ws/install/homework_package/share/homework_package/environment/ament_prefix_path.sh
[7.942s] -- Up-to-date: /home/petomartin/homework/ros2_ws/install/homework_package/share/homework_package/environment/ament_prefix_path.dsv
[7.942s] -- Up-to-date: /home/petomartin/homework/ros2_ws/install/homework_package/share/homework_package/environment/path.sh
[7.942s] -- Up-to-date: /home/petomartin/homework/ros2_ws/install/homework_package/share/homework_package/environment/path.dsv
[7.942s] -- Up-to-date: /home/petomartin/homework/ros2_ws/install/homework_package/share/homework_package/local_setup.bash
[7.942s] -- Up-to-date: /home/petomartin/homework/ros2_ws/install/homework_package/share/homework_package/local_setup.sh
[7.943s] -- Up-to-date: /home/petomartin/homework/ros2_ws/install/homework_package/share/homework_package/local_setup.zsh
[7.943s] -- Up-to-date: /home/petomartin/homework/ros2_ws/install/homework_package/share/homework_package/local_setup.dsv
[7.943s] -- Installing: /home/petomartin/homework/ros2_ws/install/homework_package/share/homework_package/package.dsv
[7.944s] -- Up-to-date: /home/petomartin/homework/ros2_ws/install/homework_package/share/ament_index/resource_index/packages/homework_package
[7.944s] -- Up-to-date: /home/petomartin/homework/ros2_ws/install/homework_package/share/homework_package/cmake/homework_packageConfig.cmake
[7.944s] -- Up-to-date: /home/petomartin/homework/ros2_ws/install/homework_package/share/homework_package/cmake/homework_packageConfig-version.cmake
[7.944s] -- Up-to-date: /home/petomartin/homework/ros2_ws/install/homework_package/share/homework_package/package.xml
[7.947s] -- Installing: /home/petomartin/homework/ros2_ws/install/homework_package/lib/homework_package/division_node
[7.950s] -- Set runtime path of "/home/petomartin/homework/ros2_ws/install/homework_package/lib/homework_package/division_node" to ""
[7.952s] Invoked command in '/home/petomartin/homework/ros2_ws/build/homework_package' returned '0': CMAKE_PREFIX_PATH=${CMAKE_PREFIX_PATH}:/home/petomartin/ros2_ws/install/my_robot_controller:/home/petomartin/ros2_ws/install/gazesim:/home/petomartin/install/my_robot_controller:/home/petomartin/install/ament_cmake_core:/opt/ros/humble /usr/bin/cmake --install /home/petomartin/homework/ros2_ws/build/homework_package
