[0.020s] Invoking command in '/home/petomartin/homework/ros2_ws/build/homework_package': CMAKE_PREFIX_PATH=${CMAKE_PREFIX_PATH}:/home/petomartin/ros2_ws/install/my_robot_controller:/home/petomartin/ros2_ws/install/gazesim:/home/petomartin/install/my_robot_controller:/home/petomartin/install/ament_cmake_core:/opt/ros/humble /usr/bin/cmake --build /home/petomartin/homework/ros2_ws/build/homework_package -- -j8 -l8
[0.126s] [35m[1mConsolidate compiler generated dependencies of target division_node[0m
[0.138s] [ 33%] Built target division_node_B
[0.138s] [ 66%] Built target division_node_C
[0.144s] [ 83%] [32mBuilding CXX object CMakeFiles/division_node.dir/src/division_node.cpp.o[0m
[0.490s] [100%] [32m[1mLinking CXX executable division_node[0m
[0.996s] [100%] Built target division_node
[1.005s] Invoked command in '/home/petomartin/homework/ros2_ws/build/homework_package' returned '0': CMAKE_PREFIX_PATH=${CMAKE_PREFIX_PATH}:/home/petomartin/ros2_ws/install/my_robot_controller:/home/petomartin/ros2_ws/install/gazesim:/home/petomartin/install/my_robot_controller:/home/petomartin/install/ament_cmake_core:/opt/ros/humble /usr/bin/cmake --build /home/petomartin/homework/ros2_ws/build/homework_package -- -j8 -l8
[1.037s] Invoking command in '/home/petomartin/homework/ros2_ws/build/homework_package': CMAKE_PREFIX_PATH=${CMAKE_PREFIX_PATH}:/home/petomartin/ros2_ws/install/my_robot_controller:/home/petomartin/ros2_ws/install/gazesim:/home/petomartin/install/my_robot_controller:/home/petomartin/install/ament_cmake_core:/opt/ros/humble /usr/bin/cmake --install /home/petomartin/homework/ros2_ws/build/homework_package
[1.043s] -- Install configuration: ""
[1.045s] -- Execute custom install script
[1.046s] -- Up-to-date symlink: /home/petomartin/homework/ros2_ws/install/homework_package/lib/homework_package/division_node
[1.046s] -- Up-to-date symlink: /home/petomartin/homework/ros2_ws/install/homework_package/lib/homework_package/division_node_B
[1.047s] -- Up-to-date symlink: /home/petomartin/homework/ros2_ws/install/homework_package/lib/homework_package/division_node_C
[1.047s] -- Up-to-date symlink: /home/petomartin/homework/ros2_ws/install/homework_package/share/ament_index/resource_index/package_run_dependencies/homework_package
[1.047s] -- Up-to-date symlink: /home/petomartin/homework/ros2_ws/install/homework_package/share/ament_index/resource_index/parent_prefix_path/homework_package
[1.048s] -- Up-to-date symlink: /home/petomartin/homework/ros2_ws/install/homework_package/share/homework_package/environment/ament_prefix_path.sh
[1.048s] -- Up-to-date symlink: /home/petomartin/homework/ros2_ws/install/homework_package/share/homework_package/environment/ament_prefix_path.dsv
[1.049s] -- Up-to-date symlink: /home/petomartin/homework/ros2_ws/install/homework_package/share/homework_package/environment/path.sh
[1.049s] -- Up-to-date symlink: /home/petomartin/homework/ros2_ws/install/homework_package/share/homework_package/environment/path.dsv
[1.050s] -- Up-to-date symlink: /home/petomartin/homework/ros2_ws/install/homework_package/share/homework_package/local_setup.bash
[1.050s] -- Up-to-date symlink: /home/petomartin/homework/ros2_ws/install/homework_package/share/homework_package/local_setup.sh
[1.051s] -- Up-to-date symlink: /home/petomartin/homework/ros2_ws/install/homework_package/share/homework_package/local_setup.zsh
[1.051s] -- Up-to-date symlink: /home/petomartin/homework/ros2_ws/install/homework_package/share/homework_package/local_setup.dsv
[1.052s] -- Symlinking: /home/petomartin/homework/ros2_ws/install/homework_package/share/homework_package/package.dsv
[1.063s] -- Up-to-date symlink: /home/petomartin/homework/ros2_ws/install/homework_package/share/ament_index/resource_index/packages/homework_package
[1.063s] -- Up-to-date symlink: /home/petomartin/homework/ros2_ws/install/homework_package/share/homework_package/cmake/homework_packageConfig.cmake
[1.064s] -- Up-to-date symlink: /home/petomartin/homework/ros2_ws/install/homework_package/share/homework_package/cmake/homework_packageConfig-version.cmake
[1.064s] -- Up-to-date symlink: /home/petomartin/homework/ros2_ws/install/homework_package/share/homework_package/package.xml
[1.067s] Invoked command in '/home/petomartin/homework/ros2_ws/build/homework_package' returned '0': CMAKE_PREFIX_PATH=${CMAKE_PREFIX_PATH}:/home/petomartin/ros2_ws/install/my_robot_controller:/home/petomartin/ros2_ws/install/gazesim:/home/petomartin/install/my_robot_controller:/home/petomartin/install/ament_cmake_core:/opt/ros/humble /usr/bin/cmake --install /home/petomartin/homework/ros2_ws/build/homework_package
