-- The C compiler identification is GNU 11.4.0
-- The CXX compiler identification is GNU 11.4.0
-- Detecting C compiler ABI info
-- Detecting C compiler ABI info - done
-- Check for working C compiler: /usr/lib/ccache/gcc - skipped
-- Detecting C compile features
-- Detecting C compile features - done
-- Detecting CXX compiler ABI info
-- Detecting CXX compiler ABI info - done
-- Check for working CXX compiler: /usr/lib/ccache/g++ - skipped
-- Detecting CXX compile features
-- Detecting CXX compile features - done
-- Found ament_cmake: 1.3.10 (/opt/ros/humble/share/ament_cmake/cmake)
-- Found Python3: /usr/bin/python3.10 (found version "3.10.12") found components: Interpreter 
-- Found rclcpp: 16.0.10 (/opt/ros/humble/share/rclcpp/cmake)
-- Found rosidl_generator_c: 3.1.5 (/opt/ros/humble/share/rosidl_generator_c/cmake)
-- Found rosidl_adapter: 3.1.5 (/opt/ros/humble/share/rosidl_adapter/cmake)
-- Found rosidl_generator_cpp: 3.1.5 (/opt/ros/humble/share/rosidl_generator_cpp/cmake)
-- Using all available rosidl_typesupport_c: rosidl_typesupport_fastrtps_c;rosidl_typesupport_introspection_c
-- Using all available rosidl_typesupport_cpp: rosidl_typesupport_fastrtps_cpp;rosidl_typesupport_introspection_cpp
-- Found rmw_implementation_cmake: 6.1.2 (/opt/ros/humble/share/rmw_implementation_cmake/cmake)
-- Found rmw_cyclonedds_cpp: 1.3.4 (/opt/ros/humble/share/rmw_cyclonedds_cpp/cmake)
-- Using RMW implementation 'rmw_cyclonedds_cpp' as default
-- Looking for pthread.h
-- Looking for pthread.h - found
-- Performing Test CMAKE_HAVE_LIBC_PTHREAD
-- Performing Test CMAKE_HAVE_LIBC_PTHREAD - Success
-- Found Threads: TRUE  
-- Found ament_lint_auto: 0.12.11 (/opt/ros/humble/share/ament_lint_auto/cmake)
-- Added test 'cppcheck' to perform static code analysis on C / C++ code
-- Configured cppcheck include dirs: 
-- Configured cppcheck exclude dirs and/or files: 
-- Added test 'lint_cmake' to check CMake code style
-- Added test 'uncrustify' to check C / C++ code style
-- Configured uncrustify additional arguments: 
-- Added test 'xmllint' to check XML markup files
-- Configuring done
-- Generating done
-- Build files have been written to: /home/petomartin/homework/ros2_ws/build/homework_package
[ 50%] [32mBuilding CXX object CMakeFiles/division_node.dir/src/division_node.cpp.o[0m
[100%] [32m[1mLinking CXX executable division_node[0m
[100%] Built target division_node
-- Install configuration: ""
-- Installing: /home/petomartin/homework/ros2_ws/install/homework_package/share/ament_index/resource_index/package_run_dependencies/homework_package
-- Installing: /home/petomartin/homework/ros2_ws/install/homework_package/share/ament_index/resource_index/parent_prefix_path/homework_package
-- Installing: /home/petomartin/homework/ros2_ws/install/homework_package/share/homework_package/environment/ament_prefix_path.sh
-- Installing: /home/petomartin/homework/ros2_ws/install/homework_package/share/homework_package/environment/ament_prefix_path.dsv
-- Installing: /home/petomartin/homework/ros2_ws/install/homework_package/share/homework_package/environment/path.sh
-- Installing: /home/petomartin/homework/ros2_ws/install/homework_package/share/homework_package/environment/path.dsv
-- Installing: /home/petomartin/homework/ros2_ws/install/homework_package/share/homework_package/local_setup.bash
-- Installing: /home/petomartin/homework/ros2_ws/install/homework_package/share/homework_package/local_setup.sh
-- Installing: /home/petomartin/homework/ros2_ws/install/homework_package/share/homework_package/local_setup.zsh
-- Installing: /home/petomartin/homework/ros2_ws/install/homework_package/share/homework_package/local_setup.dsv
-- Installing: /home/petomartin/homework/ros2_ws/install/homework_package/share/homework_package/package.dsv
-- Installing: /home/petomartin/homework/ros2_ws/install/homework_package/share/ament_index/resource_index/packages/homework_package
-- Installing: /home/petomartin/homework/ros2_ws/install/homework_package/share/homework_package/cmake/homework_packageConfig.cmake
-- Installing: /home/petomartin/homework/ros2_ws/install/homework_package/share/homework_package/cmake/homework_packageConfig-version.cmake
-- Installing: /home/petomartin/homework/ros2_ws/install/homework_package/share/homework_package/package.xml
-- Installing: /home/petomartin/homework/ros2_ws/install/homework_package/lib/homework_package/division_node
-- Set runtime path of "/home/petomartin/homework/ros2_ws/install/homework_package/lib/homework_package/division_node" to ""
