[0.022s] Invoking command in '/home/petomartin/homework/ros2_ws/build/homework_package': CMAKE_PREFIX_PATH=${CMAKE_PREFIX_PATH}:/home/petomartin/ros2_ws/install/my_robot_controller:/home/petomartin/ros2_ws/install/gazesim:/home/petomartin/install/my_robot_controller:/home/petomartin/install/ament_cmake_core:/opt/ros/humble /usr/bin/cmake /home/petomartin/homework/ros2_ws/src/homework_package -DCMAKE_INSTALL_PREFIX=/home/petomartin/homework/ros2_ws/install/homework_package
[0.274s] -- The C compiler identification is GNU 11.4.0
[0.674s] -- The CXX compiler identification is GNU 11.4.0
[0.949s] -- Detecting C compiler ABI info
[1.080s] -- Detecting C compiler ABI info - done
[1.087s] -- Check for working C compiler: /usr/lib/ccache/gcc - skipped
[1.088s] -- Detecting C compile features
[1.089s] -- Detecting C compile features - done
[1.093s] -- Detecting CXX compiler ABI info
[1.242s] -- Detecting CXX compiler ABI info - done
[1.247s] -- Check for working CXX compiler: /usr/lib/ccache/g++ - skipped
[1.248s] -- Detecting CXX compile features
[1.248s] -- Detecting CXX compile features - done
[1.278s] -- Found ament_cmake: 1.3.10 (/opt/ros/humble/share/ament_cmake/cmake)
[1.440s] -- Found Python3: /usr/bin/python3.10 (found version "3.10.12") found components: Interpreter 
[1.560s] -- Found rclcpp: 16.0.10 (/opt/ros/humble/share/rclcpp/cmake)
[1.735s] -- Found rosidl_generator_c: 3.1.5 (/opt/ros/humble/share/rosidl_generator_c/cmake)
[1.746s] -- Found rosidl_adapter: 3.1.5 (/opt/ros/humble/share/rosidl_adapter/cmake)
[1.763s] -- Found rosidl_generator_cpp: 3.1.5 (/opt/ros/humble/share/rosidl_generator_cpp/cmake)
[1.799s] -- Using all available rosidl_typesupport_c: rosidl_typesupport_fastrtps_c;rosidl_typesupport_introspection_c
[1.834s] -- Using all available rosidl_typesupport_cpp: rosidl_typesupport_fastrtps_cpp;rosidl_typesupport_introspection_cpp
[1.925s] -- Found rmw_implementation_cmake: 6.1.2 (/opt/ros/humble/share/rmw_implementation_cmake/cmake)
[1.932s] -- Found rmw_cyclonedds_cpp: 1.3.4 (/opt/ros/humble/share/rmw_cyclonedds_cpp/cmake)
[1.977s] -- Using RMW implementation 'rmw_cyclonedds_cpp' as default
[1.998s] -- Looking for pthread.h
[2.133s] -- Looking for pthread.h - found
[2.133s] -- Performing Test CMAKE_HAVE_LIBC_PTHREAD
[2.248s] -- Performing Test CMAKE_HAVE_LIBC_PTHREAD - Success
[2.249s] -- Found Threads: TRUE  
[2.334s] -- Found ament_lint_auto: 0.12.11 (/opt/ros/humble/share/ament_lint_auto/cmake)
[2.433s] -- Added test 'cppcheck' to perform static code analysis on C / C++ code
[2.433s] -- Configured cppcheck include dirs: 
[2.433s] -- Configured cppcheck exclude dirs and/or files: 
[2.436s] -- Added test 'lint_cmake' to check CMake code style
[2.438s] -- Added test 'uncrustify' to check C / C++ code style
[2.438s] -- Configured uncrustify additional arguments: 
[2.439s] -- Added test 'xmllint' to check XML markup files
[2.443s] -- Configuring done
[2.456s] -- Generating done
[2.457s] -- Build files have been written to: /home/petomartin/homework/ros2_ws/build/homework_package
[2.467s] Invoked command in '/home/petomartin/homework/ros2_ws/build/homework_package' returned '0': CMAKE_PREFIX_PATH=${CMAKE_PREFIX_PATH}:/home/petomartin/ros2_ws/install/my_robot_controller:/home/petomartin/ros2_ws/install/gazesim:/home/petomartin/install/my_robot_controller:/home/petomartin/install/ament_cmake_core:/opt/ros/humble /usr/bin/cmake /home/petomartin/homework/ros2_ws/src/homework_package -DCMAKE_INSTALL_PREFIX=/home/petomartin/homework/ros2_ws/install/homework_package
[2.467s] Invoking command in '/home/petomartin/homework/ros2_ws/build/homework_package': CMAKE_PREFIX_PATH=${CMAKE_PREFIX_PATH}:/home/petomartin/ros2_ws/install/my_robot_controller:/home/petomartin/ros2_ws/install/gazesim:/home/petomartin/install/my_robot_controller:/home/petomartin/install/ament_cmake_core:/opt/ros/humble /usr/bin/cmake --build /home/petomartin/homework/ros2_ws/build/homework_package -- -j8 -l8
[2.505s] [ 50%] [32mBuilding CXX object CMakeFiles/division_node.dir/src/division_node.cpp.o[0m
[2.931s] [100%] [32m[1mLinking CXX executable division_node[0m
[3.383s] [100%] Built target division_node
[3.391s] Invoked command in '/home/petomartin/homework/ros2_ws/build/homework_package' returned '0': CMAKE_PREFIX_PATH=${CMAKE_PREFIX_PATH}:/home/petomartin/ros2_ws/install/my_robot_controller:/home/petomartin/ros2_ws/install/gazesim:/home/petomartin/install/my_robot_controller:/home/petomartin/install/ament_cmake_core:/opt/ros/humble /usr/bin/cmake --build /home/petomartin/homework/ros2_ws/build/homework_package -- -j8 -l8
[3.425s] Invoking command in '/home/petomartin/homework/ros2_ws/build/homework_package': CMAKE_PREFIX_PATH=${CMAKE_PREFIX_PATH}:/home/petomartin/ros2_ws/install/my_robot_controller:/home/petomartin/ros2_ws/install/gazesim:/home/petomartin/install/my_robot_controller:/home/petomartin/install/ament_cmake_core:/opt/ros/humble /usr/bin/cmake --install /home/petomartin/homework/ros2_ws/build/homework_package
[3.430s] -- Install configuration: ""
[3.433s] -- Installing: /home/petomartin/homework/ros2_ws/install/homework_package/share/ament_index/resource_index/package_run_dependencies/homework_package
[3.433s] -- Installing: /home/petomartin/homework/ros2_ws/install/homework_package/share/ament_index/resource_index/parent_prefix_path/homework_package
[3.434s] -- Installing: /home/petomartin/homework/ros2_ws/install/homework_package/share/homework_package/environment/ament_prefix_path.sh
[3.434s] -- Installing: /home/petomartin/homework/ros2_ws/install/homework_package/share/homework_package/environment/ament_prefix_path.dsv
[3.434s] -- Installing: /home/petomartin/homework/ros2_ws/install/homework_package/share/homework_package/environment/path.sh
[3.434s] -- Installing: /home/petomartin/homework/ros2_ws/install/homework_package/share/homework_package/environment/path.dsv
[3.434s] -- Installing: /home/petomartin/homework/ros2_ws/install/homework_package/share/homework_package/local_setup.bash
[3.434s] -- Installing: /home/petomartin/homework/ros2_ws/install/homework_package/share/homework_package/local_setup.sh
[3.434s] -- Installing: /home/petomartin/homework/ros2_ws/install/homework_package/share/homework_package/local_setup.zsh
[3.434s] -- Installing: /home/petomartin/homework/ros2_ws/install/homework_package/share/homework_package/local_setup.dsv
[3.434s] -- Installing: /home/petomartin/homework/ros2_ws/install/homework_package/share/homework_package/package.dsv
[3.434s] -- Installing: /home/petomartin/homework/ros2_ws/install/homework_package/share/ament_index/resource_index/packages/homework_package
[3.435s] -- Installing: /home/petomartin/homework/ros2_ws/install/homework_package/share/homework_package/cmake/homework_packageConfig.cmake
[3.435s] -- Installing: /home/petomartin/homework/ros2_ws/install/homework_package/share/homework_package/cmake/homework_packageConfig-version.cmake
[3.435s] -- Installing: /home/petomartin/homework/ros2_ws/install/homework_package/share/homework_package/package.xml
[3.435s] -- Installing: /home/petomartin/homework/ros2_ws/install/homework_package/lib/homework_package/division_node
[3.437s] -- Set runtime path of "/home/petomartin/homework/ros2_ws/install/homework_package/lib/homework_package/division_node" to ""
[3.439s] Invoked command in '/home/petomartin/homework/ros2_ws/build/homework_package' returned '0': CMAKE_PREFIX_PATH=${CMAKE_PREFIX_PATH}:/home/petomartin/ros2_ws/install/my_robot_controller:/home/petomartin/ros2_ws/install/gazesim:/home/petomartin/install/my_robot_controller:/home/petomartin/install/ament_cmake_core:/opt/ros/humble /usr/bin/cmake --install /home/petomartin/homework/ros2_ws/build/homework_package
