[0.028s] Invoking command in '/home/petomartin/homework/ros2_ws/build/homework_package': CMAKE_PREFIX_PATH=${CMAKE_PREFIX_PATH}:/home/petomartin/ros2_ws/install/my_robot_controller:/home/petomartin/ros2_ws/install/gazesim:/home/petomartin/install/my_robot_controller:/home/petomartin/install/ament_cmake_core:/opt/ros/humble /usr/bin/cmake --build /home/petomartin/homework/ros2_ws/build/homework_package -- -j8 -l8
[0.151s] [35m[1mConsolidate compiler generated dependencies of target division_node[0m
[0.164s] [ 16%] [32mBuilding CXX object CMakeFiles/division_node_C.dir/src/division_node_C.cpp.o[0m
[0.164s] [ 33%] [32mBuilding CXX object CMakeFiles/division_node_B.dir/src/division_node_B.cpp.o[0m
[0.171s] [ 50%] [32mBuilding CXX object CMakeFiles/division_node.dir/src/division_node.cpp.o[0m
[0.696s] [ 66%] [32m[1mLinking CXX executable division_node[0m
[1.300s] [ 66%] Built target division_node
[9.556s] [100%] [32m[1mLinking CXX executable division_node_B[0m
[9.556s] [100%] [32m[1mLinking CXX executable division_node_C[0m
[10.023s] [100%] Built target division_node_C
[10.027s] [100%] Built target division_node_B
[10.036s] Invoked command in '/home/petomartin/homework/ros2_ws/build/homework_package' returned '0': CMAKE_PREFIX_PATH=${CMAKE_PREFIX_PATH}:/home/petomartin/ros2_ws/install/my_robot_controller:/home/petomartin/ros2_ws/install/gazesim:/home/petomartin/install/my_robot_controller:/home/petomartin/install/ament_cmake_core:/opt/ros/humble /usr/bin/cmake --build /home/petomartin/homework/ros2_ws/build/homework_package -- -j8 -l8
[10.069s] Invoking command in '/home/petomartin/homework/ros2_ws/build/homework_package': CMAKE_PREFIX_PATH=${CMAKE_PREFIX_PATH}:/home/petomartin/ros2_ws/install/my_robot_controller:/home/petomartin/ros2_ws/install/gazesim:/home/petomartin/install/my_robot_controller:/home/petomartin/install/ament_cmake_core:/opt/ros/humble /usr/bin/cmake --install /home/petomartin/homework/ros2_ws/build/homework_package
[10.075s] -- Install configuration: ""
[10.076s] -- Execute custom install script
[10.077s] -- Up-to-date symlink: /home/petomartin/homework/ros2_ws/install/homework_package/lib/homework_package/division_node
[10.077s] -- Up-to-date symlink: /home/petomartin/homework/ros2_ws/install/homework_package/lib/homework_package/division_node_B
[10.078s] -- Up-to-date symlink: /home/petomartin/homework/ros2_ws/install/homework_package/lib/homework_package/division_node_C
[10.078s] -- Up-to-date symlink: /home/petomartin/homework/ros2_ws/install/homework_package/share/ament_index/resource_index/package_run_dependencies/homework_package
[10.078s] -- Up-to-date symlink: /home/petomartin/homework/ros2_ws/install/homework_package/share/ament_index/resource_index/parent_prefix_path/homework_package
[10.078s] -- Up-to-date symlink: /home/petomartin/homework/ros2_ws/install/homework_package/share/homework_package/environment/ament_prefix_path.sh
[10.079s] -- Up-to-date symlink: /home/petomartin/homework/ros2_ws/install/homework_package/share/homework_package/environment/ament_prefix_path.dsv
[10.080s] -- Up-to-date symlink: /home/petomartin/homework/ros2_ws/install/homework_package/share/homework_package/environment/path.sh
[10.080s] -- Up-to-date symlink: /home/petomartin/homework/ros2_ws/install/homework_package/share/homework_package/environment/path.dsv
[10.081s] -- Up-to-date symlink: /home/petomartin/homework/ros2_ws/install/homework_package/share/homework_package/local_setup.bash
[10.081s] -- Up-to-date symlink: /home/petomartin/homework/ros2_ws/install/homework_package/share/homework_package/local_setup.sh
[10.082s] -- Up-to-date symlink: /home/petomartin/homework/ros2_ws/install/homework_package/share/homework_package/local_setup.zsh
[10.082s] -- Up-to-date symlink: /home/petomartin/homework/ros2_ws/install/homework_package/share/homework_package/local_setup.dsv
[10.082s] -- Symlinking: /home/petomartin/homework/ros2_ws/install/homework_package/share/homework_package/package.dsv
[10.091s] -- Up-to-date symlink: /home/petomartin/homework/ros2_ws/install/homework_package/share/ament_index/resource_index/packages/homework_package
[10.091s] -- Up-to-date symlink: /home/petomartin/homework/ros2_ws/install/homework_package/share/homework_package/cmake/homework_packageConfig.cmake
[10.092s] -- Up-to-date symlink: /home/petomartin/homework/ros2_ws/install/homework_package/share/homework_package/cmake/homework_packageConfig-version.cmake
[10.092s] -- Up-to-date symlink: /home/petomartin/homework/ros2_ws/install/homework_package/share/homework_package/package.xml
[10.094s] Invoked command in '/home/petomartin/homework/ros2_ws/build/homework_package' returned '0': CMAKE_PREFIX_PATH=${CMAKE_PREFIX_PATH}:/home/petomartin/ros2_ws/install/my_robot_controller:/home/petomartin/ros2_ws/install/gazesim:/home/petomartin/install/my_robot_controller:/home/petomartin/install/ament_cmake_core:/opt/ros/humble /usr/bin/cmake --install /home/petomartin/homework/ros2_ws/build/homework_package
