[0.016s] Invoking command in '/home/petomartin/homework/ros2_ws/build/homework_package': CMAKE_PREFIX_PATH=${CMAKE_PREFIX_PATH}:/home/petomartin/ros2_ws/install/my_robot_controller:/home/petomartin/ros2_ws/install/gazesim:/home/petomartin/install/my_robot_controller:/home/petomartin/install/ament_cmake_core:/opt/ros/humble /usr/bin/cmake --build /home/petomartin/homework/ros2_ws/build/homework_package -- -j8 -l8
[0.061s] [ 16%] [32mBuilding CXX object CMakeFiles/division_node.dir/src/division_node.cpp.o[0m
[0.062s] [ 50%] Built target division_node_C
[0.062s] [ 83%] Built target division_node_B
[8.296s] [100%] [32m[1mLinking CXX executable division_node[0m
[8.777s] [100%] Built target division_node
[8.785s] Invoked command in '/home/petomartin/homework/ros2_ws/build/homework_package' returned '0': CMAKE_PREFIX_PATH=${CMAKE_PREFIX_PATH}:/home/petomartin/ros2_ws/install/my_robot_controller:/home/petomartin/ros2_ws/install/gazesim:/home/petomartin/install/my_robot_controller:/home/petomartin/install/ament_cmake_core:/opt/ros/humble /usr/bin/cmake --build /home/petomartin/homework/ros2_ws/build/homework_package -- -j8 -l8
[8.816s] Invoking command in '/home/petomartin/homework/ros2_ws/build/homework_package': CMAKE_PREFIX_PATH=${CMAKE_PREFIX_PATH}:/home/petomartin/ros2_ws/install/my_robot_controller:/home/petomartin/ros2_ws/install/gazesim:/home/petomartin/install/my_robot_controller:/home/petomartin/install/ament_cmake_core:/opt/ros/humble /usr/bin/cmake --install /home/petomartin/homework/ros2_ws/build/homework_package
[8.822s] -- Install configuration: ""
[8.823s] -- Execute custom install script
[8.823s] -- Up-to-date symlink: /home/petomartin/homework/ros2_ws/install/homework_package/lib/homework_package/division_node
[8.823s] -- Up-to-date symlink: /home/petomartin/homework/ros2_ws/install/homework_package/lib/homework_package/division_node_B
[8.824s] -- Up-to-date symlink: /home/petomartin/homework/ros2_ws/install/homework_package/lib/homework_package/division_node_C
[8.824s] -- Up-to-date symlink: /home/petomartin/homework/ros2_ws/install/homework_package/share/ament_index/resource_index/package_run_dependencies/homework_package
[8.824s] -- Up-to-date symlink: /home/petomartin/homework/ros2_ws/install/homework_package/share/ament_index/resource_index/parent_prefix_path/homework_package
[8.824s] -- Up-to-date symlink: /home/petomartin/homework/ros2_ws/install/homework_package/share/homework_package/environment/ament_prefix_path.sh
[8.824s] -- Up-to-date symlink: /home/petomartin/homework/ros2_ws/install/homework_package/share/homework_package/environment/ament_prefix_path.dsv
[8.825s] -- Up-to-date symlink: /home/petomartin/homework/ros2_ws/install/homework_package/share/homework_package/environment/path.sh
[8.825s] -- Up-to-date symlink: /home/petomartin/homework/ros2_ws/install/homework_package/share/homework_package/environment/path.dsv
[8.825s] -- Up-to-date symlink: /home/petomartin/homework/ros2_ws/install/homework_package/share/homework_package/local_setup.bash
[8.825s] -- Up-to-date symlink: /home/petomartin/homework/ros2_ws/install/homework_package/share/homework_package/local_setup.sh
[8.826s] -- Up-to-date symlink: /home/petomartin/homework/ros2_ws/install/homework_package/share/homework_package/local_setup.zsh
[8.826s] -- Up-to-date symlink: /home/petomartin/homework/ros2_ws/install/homework_package/share/homework_package/local_setup.dsv
[8.826s] -- Symlinking: /home/petomartin/homework/ros2_ws/install/homework_package/share/homework_package/package.dsv
[8.833s] -- Up-to-date symlink: /home/petomartin/homework/ros2_ws/install/homework_package/share/ament_index/resource_index/packages/homework_package
[8.833s] -- Up-to-date symlink: /home/petomartin/homework/ros2_ws/install/homework_package/share/homework_package/cmake/homework_packageConfig.cmake
[8.833s] -- Up-to-date symlink: /home/petomartin/homework/ros2_ws/install/homework_package/share/homework_package/cmake/homework_packageConfig-version.cmake
[8.833s] -- Up-to-date symlink: /home/petomartin/homework/ros2_ws/install/homework_package/share/homework_package/package.xml
[8.835s] Invoked command in '/home/petomartin/homework/ros2_ws/build/homework_package' returned '0': CMAKE_PREFIX_PATH=${CMAKE_PREFIX_PATH}:/home/petomartin/ros2_ws/install/my_robot_controller:/home/petomartin/ros2_ws/install/gazesim:/home/petomartin/install/my_robot_controller:/home/petomartin/install/ament_cmake_core:/opt/ros/humble /usr/bin/cmake --install /home/petomartin/homework/ros2_ws/build/homework_package
