[0.029s] Invoking command in '/home/petomartin/homework/ros2_ws/build/homework_package': CMAKE_PREFIX_PATH=${CMAKE_PREFIX_PATH}:/home/petomartin/ros2_ws/install/my_robot_controller:/home/petomartin/ros2_ws/install/gazesim:/home/petomartin/install/my_robot_controller:/home/petomartin/install/ament_cmake_core:/opt/ros/humble /usr/bin/cmake --build /home/petomartin/homework/ros2_ws/build/homework_package -- -j8 -l8
[0.125s] [35m[1mConsolidate compiler generated dependencies of target division_node[0m
[0.140s] [ 50%] [32mBuilding CXX object CMakeFiles/division_node.dir/src/division_node.cpp.o[0m
[0.368s] [100%] [32m[1mLinking CXX executable division_node[0m
[0.839s] [100%] Built target division_node
[0.848s] Invoked command in '/home/petomartin/homework/ros2_ws/build/homework_package' returned '0': CMAKE_PREFIX_PATH=${CMAKE_PREFIX_PATH}:/home/petomartin/ros2_ws/install/my_robot_controller:/home/petomartin/ros2_ws/install/gazesim:/home/petomartin/install/my_robot_controller:/home/petomartin/install/ament_cmake_core:/opt/ros/humble /usr/bin/cmake --build /home/petomartin/homework/ros2_ws/build/homework_package -- -j8 -l8
[0.876s] Invoking command in '/home/petomartin/homework/ros2_ws/build/homework_package': CMAKE_PREFIX_PATH=${CMAKE_PREFIX_PATH}:/home/petomartin/ros2_ws/install/my_robot_controller:/home/petomartin/ros2_ws/install/gazesim:/home/petomartin/install/my_robot_controller:/home/petomartin/install/ament_cmake_core:/opt/ros/humble /usr/bin/cmake --install /home/petomartin/homework/ros2_ws/build/homework_package
[0.884s] -- Install configuration: ""
[0.885s] -- Up-to-date: /home/petomartin/homework/ros2_ws/install/homework_package/share/ament_index/resource_index/package_run_dependencies/homework_package
[0.885s] -- Up-to-date: /home/petomartin/homework/ros2_ws/install/homework_package/share/ament_index/resource_index/parent_prefix_path/homework_package
[0.885s] -- Up-to-date: /home/petomartin/homework/ros2_ws/install/homework_package/share/homework_package/environment/ament_prefix_path.sh
[0.885s] -- Up-to-date: /home/petomartin/homework/ros2_ws/install/homework_package/share/homework_package/environment/ament_prefix_path.dsv
[0.885s] -- Up-to-date: /home/petomartin/homework/ros2_ws/install/homework_package/share/homework_package/environment/path.sh
[0.885s] -- Up-to-date: /home/petomartin/homework/ros2_ws/install/homework_package/share/homework_package/environment/path.dsv
[0.886s] -- Up-to-date: /home/petomartin/homework/ros2_ws/install/homework_package/share/homework_package/local_setup.bash
[0.886s] -- Up-to-date: /home/petomartin/homework/ros2_ws/install/homework_package/share/homework_package/local_setup.sh
[0.886s] -- Up-to-date: /home/petomartin/homework/ros2_ws/install/homework_package/share/homework_package/local_setup.zsh
[0.886s] -- Up-to-date: /home/petomartin/homework/ros2_ws/install/homework_package/share/homework_package/local_setup.dsv
[0.886s] -- Installing: /home/petomartin/homework/ros2_ws/install/homework_package/share/homework_package/package.dsv
[0.888s] -- Up-to-date: /home/petomartin/homework/ros2_ws/install/homework_package/share/ament_index/resource_index/packages/homework_package
[0.888s] -- Up-to-date: /home/petomartin/homework/ros2_ws/install/homework_package/share/homework_package/cmake/homework_packageConfig.cmake
[0.888s] -- Up-to-date: /home/petomartin/homework/ros2_ws/install/homework_package/share/homework_package/cmake/homework_packageConfig-version.cmake
[0.888s] -- Up-to-date: /home/petomartin/homework/ros2_ws/install/homework_package/share/homework_package/package.xml
[0.890s] -- Installing: /home/petomartin/homework/ros2_ws/install/homework_package/lib/homework_package/division_node
[0.893s] -- Set runtime path of "/home/petomartin/homework/ros2_ws/install/homework_package/lib/homework_package/division_node" to ""
[0.896s] Invoked command in '/home/petomartin/homework/ros2_ws/build/homework_package' returned '0': CMAKE_PREFIX_PATH=${CMAKE_PREFIX_PATH}:/home/petomartin/ros2_ws/install/my_robot_controller:/home/petomartin/ros2_ws/install/gazesim:/home/petomartin/install/my_robot_controller:/home/petomartin/install/ament_cmake_core:/opt/ros/humble /usr/bin/cmake --install /home/petomartin/homework/ros2_ws/build/homework_package
