[0.237s] DEBUG:colcon:Command line arguments: ['/usr/bin/colcon', 'build', '--packages-select', 'homework_package']
[0.238s] DEBUG:colcon:Parsed command line arguments: Namespace(log_base=None, log_level=None, verb_name='build', build_base='build', install_base='install', merge_install=False, symlink_install=False, test_result_base=None, continue_on_error=False, executor='parallel', parallel_workers=8, event_handlers=None, ignore_user_meta=False, metas=['./colcon.meta'], base_paths=['.'], packages_ignore=None, packages_ignore_regex=None, paths=None, packages_up_to=None, packages_up_to_regex=None, packages_above=None, packages_above_and_dependencies=None, packages_above_depth=None, packages_select_by_dep=None, packages_skip_by_dep=None, packages_skip_up_to=None, packages_select_build_failed=False, packages_skip_build_finished=False, packages_select_test_failures=False, packages_skip_test_passed=False, packages_select=['homework_package'], packages_skip=None, packages_select_regex=None, packages_skip_regex=None, packages_start=None, packages_end=None, allow_overriding=[], cmake_args=None, cmake_target=None, cmake_target_skip_unavailable=False, cmake_clean_cache=False, cmake_clean_first=False, cmake_force_configure=False, ament_cmake_args=None, catkin_cmake_args=None, catkin_skip_building_tests=False, mixin_files=None, mixin=None, verb_parser=<colcon_mixin.mixin.mixin_argument.MixinArgumentDecorator object at 0x7f8a22f54100>, verb_extension=<colcon_core.verb.build.BuildVerb object at 0x7f8a22f23be0>, main=<bound method BuildVerb.main of <colcon_core.verb.build.BuildVerb object at 0x7f8a22f23be0>>, mixin_verb=('build',))
[0.613s] Level 1:colcon.colcon_core.package_discovery:discover_packages(colcon_meta) check parameters
[0.613s] Level 1:colcon.colcon_core.package_discovery:discover_packages(recursive) check parameters
[0.613s] Level 1:colcon.colcon_core.package_discovery:discover_packages(ignore) check parameters
[0.613s] Level 1:colcon.colcon_core.package_discovery:discover_packages(path) check parameters
[0.613s] Level 1:colcon.colcon_core.package_discovery:discover_packages(colcon_meta) discover
[0.613s] Level 1:colcon.colcon_core.package_discovery:discover_packages(recursive) discover
[0.613s] INFO:colcon.colcon_core.package_discovery:Crawling recursively for packages in '/home/petomartin/homework/ros2_ws'
[0.614s] Level 1:colcon.colcon_core.package_identification:_identify(.) by extensions ['ignore', 'ignore_ament_install']
[0.614s] Level 1:colcon.colcon_core.package_identification:_identify(.) by extension 'ignore'
[0.614s] Level 1:colcon.colcon_core.package_identification:_identify(.) by extension 'ignore_ament_install'
[0.614s] Level 1:colcon.colcon_core.package_identification:_identify(.) by extensions ['colcon_pkg']
[0.614s] Level 1:colcon.colcon_core.package_identification:_identify(.) by extension 'colcon_pkg'
[0.614s] Level 1:colcon.colcon_core.package_identification:_identify(.) by extensions ['colcon_meta']
[0.614s] Level 1:colcon.colcon_core.package_identification:_identify(.) by extension 'colcon_meta'
[0.614s] Level 1:colcon.colcon_core.package_identification:_identify(.) by extensions ['ros']
[0.614s] Level 1:colcon.colcon_core.package_identification:_identify(.) by extension 'ros'
[0.640s] Level 1:colcon.colcon_core.package_identification:_identify(.) by extensions ['cmake', 'python']
[0.640s] Level 1:colcon.colcon_core.package_identification:_identify(.) by extension 'cmake'
[0.640s] Level 1:colcon.colcon_core.package_identification:_identify(.) by extension 'python'
[0.640s] Level 1:colcon.colcon_core.package_identification:_identify(.) by extensions ['python_setup_py']
[0.640s] Level 1:colcon.colcon_core.package_identification:_identify(.) by extension 'python_setup_py'
[0.641s] Level 1:colcon.colcon_core.package_identification:_identify(build) by extensions ['ignore', 'ignore_ament_install']
[0.641s] Level 1:colcon.colcon_core.package_identification:_identify(build) by extension 'ignore'
[0.641s] Level 1:colcon.colcon_core.package_identification:_identify(build) ignored
[0.642s] Level 1:colcon.colcon_core.package_identification:_identify(install) by extensions ['ignore', 'ignore_ament_install']
[0.642s] Level 1:colcon.colcon_core.package_identification:_identify(install) by extension 'ignore'
[0.642s] Level 1:colcon.colcon_core.package_identification:_identify(install) ignored
[0.642s] Level 1:colcon.colcon_core.package_identification:_identify(log) by extensions ['ignore', 'ignore_ament_install']
[0.642s] Level 1:colcon.colcon_core.package_identification:_identify(log) by extension 'ignore'
[0.642s] Level 1:colcon.colcon_core.package_identification:_identify(log) ignored
[0.643s] Level 1:colcon.colcon_core.package_identification:_identify(src) by extensions ['ignore', 'ignore_ament_install']
[0.643s] Level 1:colcon.colcon_core.package_identification:_identify(src) by extension 'ignore'
[0.643s] Level 1:colcon.colcon_core.package_identification:_identify(src) by extension 'ignore_ament_install'
[0.643s] Level 1:colcon.colcon_core.package_identification:_identify(src) by extensions ['colcon_pkg']
[0.643s] Level 1:colcon.colcon_core.package_identification:_identify(src) by extension 'colcon_pkg'
[0.643s] Level 1:colcon.colcon_core.package_identification:_identify(src) by extensions ['colcon_meta']
[0.643s] Level 1:colcon.colcon_core.package_identification:_identify(src) by extension 'colcon_meta'
[0.643s] Level 1:colcon.colcon_core.package_identification:_identify(src) by extensions ['ros']
[0.643s] Level 1:colcon.colcon_core.package_identification:_identify(src) by extension 'ros'
[0.643s] Level 1:colcon.colcon_core.package_identification:_identify(src) by extensions ['cmake', 'python']
[0.643s] Level 1:colcon.colcon_core.package_identification:_identify(src) by extension 'cmake'
[0.643s] Level 1:colcon.colcon_core.package_identification:_identify(src) by extension 'python'
[0.643s] Level 1:colcon.colcon_core.package_identification:_identify(src) by extensions ['python_setup_py']
[0.643s] Level 1:colcon.colcon_core.package_identification:_identify(src) by extension 'python_setup_py'
[0.643s] Level 1:colcon.colcon_core.package_identification:_identify(src/homework_package) by extensions ['ignore', 'ignore_ament_install']
[0.643s] Level 1:colcon.colcon_core.package_identification:_identify(src/homework_package) by extension 'ignore'
[0.643s] Level 1:colcon.colcon_core.package_identification:_identify(src/homework_package) by extension 'ignore_ament_install'
[0.644s] Level 1:colcon.colcon_core.package_identification:_identify(src/homework_package) by extensions ['colcon_pkg']
[0.644s] Level 1:colcon.colcon_core.package_identification:_identify(src/homework_package) by extension 'colcon_pkg'
[0.644s] Level 1:colcon.colcon_core.package_identification:_identify(src/homework_package) by extensions ['colcon_meta']
[0.644s] Level 1:colcon.colcon_core.package_identification:_identify(src/homework_package) by extension 'colcon_meta'
[0.644s] Level 1:colcon.colcon_core.package_identification:_identify(src/homework_package) by extensions ['ros']
[0.644s] Level 1:colcon.colcon_core.package_identification:_identify(src/homework_package) by extension 'ros'
[0.648s] DEBUG:colcon.colcon_core.package_identification:Package 'src/homework_package' with type 'ros.ament_cmake' and name 'homework_package'
[0.648s] Level 1:colcon.colcon_core.package_discovery:discover_packages(recursive) using defaults
[0.648s] Level 1:colcon.colcon_core.package_discovery:discover_packages(ignore) discover
[0.648s] Level 1:colcon.colcon_core.package_discovery:discover_packages(ignore) using defaults
[0.648s] Level 1:colcon.colcon_core.package_discovery:discover_packages(path) discover
[0.648s] Level 1:colcon.colcon_core.package_discovery:discover_packages(path) using defaults
[0.680s] Level 1:colcon.colcon_core.package_discovery:discover_packages(prefix_path) check parameters
[0.680s] Level 1:colcon.colcon_core.package_discovery:discover_packages(prefix_path) discover
[0.692s] DEBUG:colcon.colcon_installed_package_information.package_discovery:Found 1 installed packages in /home/petomartin/homework/ros2_ws/install
[0.693s] DEBUG:colcon.colcon_installed_package_information.package_discovery:Found 3 installed packages in /home/petomartin/ros2_ws/install
[0.694s] DEBUG:colcon.colcon_installed_package_information.package_discovery:Found 1 installed packages in /home/petomartin/ros2_ws/src/gazesim/install
[0.695s] DEBUG:colcon.colcon_installed_package_information.package_discovery:Found 22 installed packages in /home/petomartin/install
[0.697s] DEBUG:colcon.colcon_installed_package_information.package_discovery:Found 408 installed packages in /opt/ros/humble
[0.700s] Level 1:colcon.colcon_core.package_discovery:discover_packages(prefix_path) using defaults
[0.856s] Level 5:colcon.colcon_core.verb:set package 'homework_package' build argument 'cmake_args' from command line to 'None'
[0.856s] Level 5:colcon.colcon_core.verb:set package 'homework_package' build argument 'cmake_target' from command line to 'None'
[0.856s] Level 5:colcon.colcon_core.verb:set package 'homework_package' build argument 'cmake_target_skip_unavailable' from command line to 'False'
[0.856s] Level 5:colcon.colcon_core.verb:set package 'homework_package' build argument 'cmake_clean_cache' from command line to 'False'
[0.856s] Level 5:colcon.colcon_core.verb:set package 'homework_package' build argument 'cmake_clean_first' from command line to 'False'
[0.856s] Level 5:colcon.colcon_core.verb:set package 'homework_package' build argument 'cmake_force_configure' from command line to 'False'
[0.856s] Level 5:colcon.colcon_core.verb:set package 'homework_package' build argument 'ament_cmake_args' from command line to 'None'
[0.856s] Level 5:colcon.colcon_core.verb:set package 'homework_package' build argument 'catkin_cmake_args' from command line to 'None'
[0.856s] Level 5:colcon.colcon_core.verb:set package 'homework_package' build argument 'catkin_skip_building_tests' from command line to 'False'
[0.856s] DEBUG:colcon.colcon_core.verb:Building package 'homework_package' with the following arguments: {'ament_cmake_args': None, 'build_base': '/home/petomartin/homework/ros2_ws/build/homework_package', 'catkin_cmake_args': None, 'catkin_skip_building_tests': False, 'cmake_args': None, 'cmake_clean_cache': False, 'cmake_clean_first': False, 'cmake_force_configure': False, 'cmake_target': None, 'cmake_target_skip_unavailable': False, 'install_base': '/home/petomartin/homework/ros2_ws/install/homework_package', 'merge_install': False, 'path': '/home/petomartin/homework/ros2_ws/src/homework_package', 'symlink_install': False, 'test_result_base': None}
[0.857s] INFO:colcon.colcon_core.executor:Executing jobs using 'parallel' executor
[0.858s] DEBUG:colcon.colcon_parallel_executor.executor.parallel:run_until_complete
[0.858s] INFO:colcon.colcon_ros.task.ament_cmake.build:Building ROS package in '/home/petomartin/homework/ros2_ws/src/homework_package' with build type 'ament_cmake'
[0.858s] INFO:colcon.colcon_cmake.task.cmake.build:Building CMake package in '/home/petomartin/homework/ros2_ws/src/homework_package'
[0.867s] INFO:colcon.colcon_core.plugin_system:Skipping extension 'colcon_core.shell.bat': Not used on non-Windows systems
[0.867s] INFO:colcon.colcon_core.shell:Skip shell extension 'powershell' for command environment: Not usable outside of PowerShell
[0.867s] DEBUG:colcon.colcon_core.shell:Skip shell extension 'dsv' for command environment
[0.880s] DEBUG:colcon.colcon_core.event_handler.log_command:Invoking command in '/home/petomartin/homework/ros2_ws/build/homework_package': CMAKE_PREFIX_PATH=${CMAKE_PREFIX_PATH}:/home/petomartin/ros2_ws/install/my_robot_controller:/home/petomartin/ros2_ws/install/gazesim:/home/petomartin/install/my_robot_controller:/home/petomartin/install/ament_cmake_core:/opt/ros/humble /usr/bin/cmake --build /home/petomartin/homework/ros2_ws/build/homework_package -- -j8 -l8
[9.431s] DEBUG:colcon.colcon_core.event_handler.log_command:Invoked command in '/home/petomartin/homework/ros2_ws/build/homework_package' returned '0': CMAKE_PREFIX_PATH=${CMAKE_PREFIX_PATH}:/home/petomartin/ros2_ws/install/my_robot_controller:/home/petomartin/ros2_ws/install/gazesim:/home/petomartin/install/my_robot_controller:/home/petomartin/install/ament_cmake_core:/opt/ros/humble /usr/bin/cmake --build /home/petomartin/homework/ros2_ws/build/homework_package -- -j8 -l8
[9.463s] DEBUG:colcon.colcon_core.event_handler.log_command:Invoking command in '/home/petomartin/homework/ros2_ws/build/homework_package': CMAKE_PREFIX_PATH=${CMAKE_PREFIX_PATH}:/home/petomartin/ros2_ws/install/my_robot_controller:/home/petomartin/ros2_ws/install/gazesim:/home/petomartin/install/my_robot_controller:/home/petomartin/install/ament_cmake_core:/opt/ros/humble /usr/bin/cmake --install /home/petomartin/homework/ros2_ws/build/homework_package
[9.486s] Level 1:colcon.colcon_core.environment:create_environment_scripts_only(homework_package)
[9.487s] DEBUG:colcon.colcon_core.event_handler.log_command:Invoked command in '/home/petomartin/homework/ros2_ws/build/homework_package' returned '0': CMAKE_PREFIX_PATH=${CMAKE_PREFIX_PATH}:/home/petomartin/ros2_ws/install/my_robot_controller:/home/petomartin/ros2_ws/install/gazesim:/home/petomartin/install/my_robot_controller:/home/petomartin/install/ament_cmake_core:/opt/ros/humble /usr/bin/cmake --install /home/petomartin/homework/ros2_ws/build/homework_package
[9.493s] Level 1:colcon.colcon_core.environment:checking '/home/petomartin/homework/ros2_ws/install/homework_package' for CMake module files
[9.494s] Level 1:colcon.colcon_core.environment:checking '/home/petomartin/homework/ros2_ws/install/homework_package' for CMake config files
[9.496s] Level 1:colcon.colcon_core.shell:create_environment_hook('homework_package', 'cmake_prefix_path')
[9.496s] INFO:colcon.colcon_core.shell:Creating environment hook '/home/petomartin/homework/ros2_ws/install/homework_package/share/homework_package/hook/cmake_prefix_path.ps1'
[9.497s] INFO:colcon.colcon_core.shell:Creating environment descriptor '/home/petomartin/homework/ros2_ws/install/homework_package/share/homework_package/hook/cmake_prefix_path.dsv'
[9.497s] INFO:colcon.colcon_core.shell:Creating environment hook '/home/petomartin/homework/ros2_ws/install/homework_package/share/homework_package/hook/cmake_prefix_path.sh'
[9.498s] Level 1:colcon.colcon_core.environment:checking '/home/petomartin/homework/ros2_ws/install/homework_package/lib'
[9.499s] Level 1:colcon.colcon_core.environment:checking '/home/petomartin/homework/ros2_ws/install/homework_package/bin'
[9.499s] Level 1:colcon.colcon_core.environment:checking '/home/petomartin/homework/ros2_ws/install/homework_package/lib/pkgconfig/homework_package.pc'
[9.499s] Level 1:colcon.colcon_core.environment:checking '/home/petomartin/homework/ros2_ws/install/homework_package/lib/python3.10/site-packages'
[9.499s] Level 1:colcon.colcon_core.environment:checking '/home/petomartin/homework/ros2_ws/install/homework_package/bin'
[9.499s] INFO:colcon.colcon_core.shell:Creating package script '/home/petomartin/homework/ros2_ws/install/homework_package/share/homework_package/package.ps1'
[9.500s] INFO:colcon.colcon_core.shell:Creating package descriptor '/home/petomartin/homework/ros2_ws/install/homework_package/share/homework_package/package.dsv'
[9.501s] INFO:colcon.colcon_core.shell:Creating package script '/home/petomartin/homework/ros2_ws/install/homework_package/share/homework_package/package.sh'
[9.503s] INFO:colcon.colcon_core.shell:Creating package script '/home/petomartin/homework/ros2_ws/install/homework_package/share/homework_package/package.bash'
[9.504s] INFO:colcon.colcon_core.shell:Creating package script '/home/petomartin/homework/ros2_ws/install/homework_package/share/homework_package/package.zsh'
[9.505s] Level 1:colcon.colcon_core.environment:create_file_with_runtime_dependencies(/home/petomartin/homework/ros2_ws/install/homework_package/share/colcon-core/packages/homework_package)
[9.530s] Level 1:colcon.colcon_core.environment:create_environment_scripts_only(homework_package)
[9.531s] Level 1:colcon.colcon_core.environment:checking '/home/petomartin/homework/ros2_ws/install/homework_package' for CMake module files
[9.531s] Level 1:colcon.colcon_core.environment:checking '/home/petomartin/homework/ros2_ws/install/homework_package' for CMake config files
[9.531s] Level 1:colcon.colcon_core.shell:create_environment_hook('homework_package', 'cmake_prefix_path')
[9.531s] INFO:colcon.colcon_core.shell:Creating environment hook '/home/petomartin/homework/ros2_ws/install/homework_package/share/homework_package/hook/cmake_prefix_path.ps1'
[9.532s] INFO:colcon.colcon_core.shell:Creating environment descriptor '/home/petomartin/homework/ros2_ws/install/homework_package/share/homework_package/hook/cmake_prefix_path.dsv'
[9.532s] INFO:colcon.colcon_core.shell:Creating environment hook '/home/petomartin/homework/ros2_ws/install/homework_package/share/homework_package/hook/cmake_prefix_path.sh'
[9.533s] Level 1:colcon.colcon_core.environment:checking '/home/petomartin/homework/ros2_ws/install/homework_package/lib'
[9.533s] Level 1:colcon.colcon_core.environment:checking '/home/petomartin/homework/ros2_ws/install/homework_package/bin'
[9.533s] Level 1:colcon.colcon_core.environment:checking '/home/petomartin/homework/ros2_ws/install/homework_package/lib/pkgconfig/homework_package.pc'
[9.533s] Level 1:colcon.colcon_core.environment:checking '/home/petomartin/homework/ros2_ws/install/homework_package/lib/python3.10/site-packages'
[9.533s] Level 1:colcon.colcon_core.environment:checking '/home/petomartin/homework/ros2_ws/install/homework_package/bin'
[9.533s] INFO:colcon.colcon_core.shell:Creating package script '/home/petomartin/homework/ros2_ws/install/homework_package/share/homework_package/package.ps1'
[9.534s] INFO:colcon.colcon_core.shell:Creating package descriptor '/home/petomartin/homework/ros2_ws/install/homework_package/share/homework_package/package.dsv'
[9.534s] INFO:colcon.colcon_core.shell:Creating package script '/home/petomartin/homework/ros2_ws/install/homework_package/share/homework_package/package.sh'
[9.535s] INFO:colcon.colcon_core.shell:Creating package script '/home/petomartin/homework/ros2_ws/install/homework_package/share/homework_package/package.bash'
[9.535s] INFO:colcon.colcon_core.shell:Creating package script '/home/petomartin/homework/ros2_ws/install/homework_package/share/homework_package/package.zsh'
[9.536s] Level 1:colcon.colcon_core.environment:create_file_with_runtime_dependencies(/home/petomartin/homework/ros2_ws/install/homework_package/share/colcon-core/packages/homework_package)
[9.536s] DEBUG:colcon.colcon_parallel_executor.executor.parallel:closing loop
[9.536s] DEBUG:colcon.colcon_parallel_executor.executor.parallel:loop closed
[9.536s] DEBUG:colcon.colcon_parallel_executor.executor.parallel:run_until_complete finished with '0'
[9.537s] DEBUG:colcon.colcon_core.event_reactor:joining thread
[9.596s] INFO:colcon.colcon_core.plugin_system:Skipping extension 'colcon_notification.desktop_notification.notify_send': Could not find 'notify-send'
[9.597s] INFO:colcon.colcon_core.plugin_system:Skipping extension 'colcon_notification.desktop_notification.terminal_notifier': Not used on non-Darwin systems
[9.597s] INFO:colcon.colcon_core.plugin_system:Skipping extension 'colcon_notification.desktop_notification.win32': Not used on non-Windows systems
[9.597s] INFO:colcon.colcon_notification.desktop_notification:Sending desktop notification using 'notify2'
[9.598s] DEBUG:colcon.colcon_notification.desktop_notification.notify2:Failed to initialize notify2: org.freedesktop.DBus.Error.ServiceUnknown: The name org.freedesktop.Notifications was not provided by any .service files
[9.598s] DEBUG:colcon.colcon_core.event_reactor:joined thread
[9.599s] INFO:colcon.colcon_core.shell:Creating prefix script '/home/petomartin/homework/ros2_ws/install/local_setup.ps1'
[9.600s] INFO:colcon.colcon_core.shell:Creating prefix util module '/home/petomartin/homework/ros2_ws/install/_local_setup_util_ps1.py'
[9.601s] INFO:colcon.colcon_core.shell:Creating prefix chain script '/home/petomartin/homework/ros2_ws/install/setup.ps1'
[9.603s] INFO:colcon.colcon_core.shell:Creating prefix script '/home/petomartin/homework/ros2_ws/install/local_setup.sh'
[9.603s] INFO:colcon.colcon_core.shell:Creating prefix util module '/home/petomartin/homework/ros2_ws/install/_local_setup_util_sh.py'
[9.604s] INFO:colcon.colcon_core.shell:Creating prefix chain script '/home/petomartin/homework/ros2_ws/install/setup.sh'
[9.605s] INFO:colcon.colcon_core.shell:Creating prefix script '/home/petomartin/homework/ros2_ws/install/local_setup.bash'
[9.606s] INFO:colcon.colcon_core.shell:Creating prefix chain script '/home/petomartin/homework/ros2_ws/install/setup.bash'
[9.608s] INFO:colcon.colcon_core.shell:Creating prefix script '/home/petomartin/homework/ros2_ws/install/local_setup.zsh'
[9.608s] INFO:colcon.colcon_core.shell:Creating prefix chain script '/home/petomartin/homework/ros2_ws/install/setup.zsh'
