[0.021s] Invoking command in '/home/petomartin/homework/ros2_ws/build/homework_package': CMAKE_PREFIX_PATH=${CMAKE_PREFIX_PATH}:/home/petomartin/ros2_ws/install/my_robot_controller:/home/petomartin/ros2_ws/install/gazesim:/home/petomartin/install/my_robot_controller:/home/petomartin/install/ament_cmake_core:/opt/ros/humble /usr/bin/cmake /home/petomartin/homework/ros2_ws/src/homework_package -DCMAKE_INSTALL_PREFIX=/home/petomartin/homework/ros2_ws/install/homework_package
[0.090s] -- Found ament_cmake: 1.3.10 (/opt/ros/humble/share/ament_cmake/cmake)
[0.257s] -- Override CMake install command with custom implementation using symlinks instead of copying resources
[0.279s] -- Found rclcpp: 16.0.10 (/opt/ros/humble/share/rclcpp/cmake)
[0.427s] -- Found rosidl_generator_c: 3.1.5 (/opt/ros/humble/share/rosidl_generator_c/cmake)
[0.431s] -- Found rosidl_adapter: 3.1.5 (/opt/ros/humble/share/rosidl_adapter/cmake)
[0.442s] -- Found rosidl_generator_cpp: 3.1.5 (/opt/ros/humble/share/rosidl_generator_cpp/cmake)
[0.458s] -- Using all available rosidl_typesupport_c: rosidl_typesupport_fastrtps_c;rosidl_typesupport_introspection_c
[0.477s] -- Using all available rosidl_typesupport_cpp: rosidl_typesupport_fastrtps_cpp;rosidl_typesupport_introspection_cpp
[0.532s] -- Found rmw_implementation_cmake: 6.1.2 (/opt/ros/humble/share/rmw_implementation_cmake/cmake)
[0.536s] -- Found rmw_cyclonedds_cpp: 1.3.4 (/opt/ros/humble/share/rmw_cyclonedds_cpp/cmake)
[0.568s] -- Using RMW implementation 'rmw_cyclonedds_cpp' as default
[0.647s] -- Found ament_lint_auto: 0.12.11 (/opt/ros/humble/share/ament_lint_auto/cmake)
[0.727s] -- Added test 'cppcheck' to perform static code analysis on C / C++ code
[0.728s] -- Configured cppcheck include dirs: 
[0.728s] -- Configured cppcheck exclude dirs and/or files: 
[0.728s] -- Added test 'lint_cmake' to check CMake code style
[0.729s] -- Added test 'uncrustify' to check C / C++ code style
[0.730s] -- Configured uncrustify additional arguments: 
[0.730s] -- Added test 'xmllint' to check XML markup files
[0.735s] -- Configuring done
[0.752s] -- Generating done
[0.754s] -- Build files have been written to: /home/petomartin/homework/ros2_ws/build/homework_package
[0.764s] Invoked command in '/home/petomartin/homework/ros2_ws/build/homework_package' returned '0': CMAKE_PREFIX_PATH=${CMAKE_PREFIX_PATH}:/home/petomartin/ros2_ws/install/my_robot_controller:/home/petomartin/ros2_ws/install/gazesim:/home/petomartin/install/my_robot_controller:/home/petomartin/install/ament_cmake_core:/opt/ros/humble /usr/bin/cmake /home/petomartin/homework/ros2_ws/src/homework_package -DCMAKE_INSTALL_PREFIX=/home/petomartin/homework/ros2_ws/install/homework_package
[0.766s] Invoking command in '/home/petomartin/homework/ros2_ws/build/homework_package': CMAKE_PREFIX_PATH=${CMAKE_PREFIX_PATH}:/home/petomartin/ros2_ws/install/my_robot_controller:/home/petomartin/ros2_ws/install/gazesim:/home/petomartin/install/my_robot_controller:/home/petomartin/install/ament_cmake_core:/opt/ros/humble /usr/bin/cmake --build /home/petomartin/homework/ros2_ws/build/homework_package -- -j8 -l8
[0.802s] [35m[1mConsolidate compiler generated dependencies of target division_node[0m
[0.802s] [35m[1mConsolidate compiler generated dependencies of target division_node_B[0m
[0.820s] [ 50%] Built target division_node
[0.822s] [ 75%] [32mBuilding CXX object CMakeFiles/division_node_B.dir/src/division_node_B.cpp.o[0m
[9.817s] [100%] [32m[1mLinking CXX executable division_node_B[0m
[10.335s] [100%] Built target division_node_B
[10.345s] Invoked command in '/home/petomartin/homework/ros2_ws/build/homework_package' returned '0': CMAKE_PREFIX_PATH=${CMAKE_PREFIX_PATH}:/home/petomartin/ros2_ws/install/my_robot_controller:/home/petomartin/ros2_ws/install/gazesim:/home/petomartin/install/my_robot_controller:/home/petomartin/install/ament_cmake_core:/opt/ros/humble /usr/bin/cmake --build /home/petomartin/homework/ros2_ws/build/homework_package -- -j8 -l8
[10.381s] Invoking command in '/home/petomartin/homework/ros2_ws/build/homework_package': CMAKE_PREFIX_PATH=${CMAKE_PREFIX_PATH}:/home/petomartin/ros2_ws/install/my_robot_controller:/home/petomartin/ros2_ws/install/gazesim:/home/petomartin/install/my_robot_controller:/home/petomartin/install/ament_cmake_core:/opt/ros/humble /usr/bin/cmake --install /home/petomartin/homework/ros2_ws/build/homework_package
[10.386s] -- Install configuration: ""
[10.387s] -- Execute custom install script
[10.388s] -- Up-to-date symlink: /home/petomartin/homework/ros2_ws/install/homework_package/share/ament_index/resource_index/package_run_dependencies/homework_package
[10.388s] -- Up-to-date symlink: /home/petomartin/homework/ros2_ws/install/homework_package/share/ament_index/resource_index/parent_prefix_path/homework_package
[10.388s] -- Up-to-date symlink: /home/petomartin/homework/ros2_ws/install/homework_package/share/homework_package/environment/ament_prefix_path.sh
[10.389s] -- Up-to-date symlink: /home/petomartin/homework/ros2_ws/install/homework_package/share/homework_package/environment/ament_prefix_path.dsv
[10.389s] -- Up-to-date symlink: /home/petomartin/homework/ros2_ws/install/homework_package/share/homework_package/environment/path.sh
[10.390s] -- Up-to-date symlink: /home/petomartin/homework/ros2_ws/install/homework_package/share/homework_package/environment/path.dsv
[10.390s] -- Up-to-date symlink: /home/petomartin/homework/ros2_ws/install/homework_package/share/homework_package/local_setup.bash
[10.391s] -- Up-to-date symlink: /home/petomartin/homework/ros2_ws/install/homework_package/share/homework_package/local_setup.sh
[10.391s] -- Up-to-date symlink: /home/petomartin/homework/ros2_ws/install/homework_package/share/homework_package/local_setup.zsh
[10.391s] -- Up-to-date symlink: /home/petomartin/homework/ros2_ws/install/homework_package/share/homework_package/local_setup.dsv
[10.392s] -- Symlinking: /home/petomartin/homework/ros2_ws/install/homework_package/share/homework_package/package.dsv
[10.401s] -- Up-to-date symlink: /home/petomartin/homework/ros2_ws/install/homework_package/share/ament_index/resource_index/packages/homework_package
[10.401s] -- Up-to-date symlink: /home/petomartin/homework/ros2_ws/install/homework_package/share/homework_package/cmake/homework_packageConfig.cmake
[10.401s] -- Up-to-date symlink: /home/petomartin/homework/ros2_ws/install/homework_package/share/homework_package/cmake/homework_packageConfig-version.cmake
[10.402s] -- Up-to-date symlink: /home/petomartin/homework/ros2_ws/install/homework_package/share/homework_package/package.xml
[10.403s] -- Up-to-date symlink: /home/petomartin/homework/ros2_ws/install/homework_package/lib/homework_package/division_node
[10.403s] -- Up-to-date symlink: /home/petomartin/homework/ros2_ws/install/homework_package/lib/homework_package/division_node_B
[10.405s] Invoked command in '/home/petomartin/homework/ros2_ws/build/homework_package' returned '0': CMAKE_PREFIX_PATH=${CMAKE_PREFIX_PATH}:/home/petomartin/ros2_ws/install/my_robot_controller:/home/petomartin/ros2_ws/install/gazesim:/home/petomartin/install/my_robot_controller:/home/petomartin/install/ament_cmake_core:/opt/ros/humble /usr/bin/cmake --install /home/petomartin/homework/ros2_ws/build/homework_package
