[0.024s] Invoking command in '/home/petomartin/homework/ros2_ws/build/homework_package': CMAKE_PREFIX_PATH=${CMAKE_PREFIX_PATH}:/home/petomartin/ros2_ws/install/my_robot_controller:/home/petomartin/ros2_ws/install/gazesim:/home/petomartin/install/my_robot_controller:/home/petomartin/install/ament_cmake_core:/opt/ros/humble /usr/bin/cmake --build /home/petomartin/homework/ros2_ws/build/homework_package -- -j8 -l8
[0.133s] [35m[1mConsolidate compiler generated dependencies of target division_node_C[0m
[0.144s] [ 33%] [32mBuilding CXX object CMakeFiles/division_node_B.dir/src/division_node_B.cpp.o[0m
[0.144s] [ 50%] Built target division_node
[0.148s] [ 83%] Built target division_node_C
[8.453s] [100%] [32m[1mLinking CXX executable division_node_B[0m
[8.940s] [100%] Built target division_node_B
[8.951s] Invoked command in '/home/petomartin/homework/ros2_ws/build/homework_package' returned '0': CMAKE_PREFIX_PATH=${CMAKE_PREFIX_PATH}:/home/petomartin/ros2_ws/install/my_robot_controller:/home/petomartin/ros2_ws/install/gazesim:/home/petomartin/install/my_robot_controller:/home/petomartin/install/ament_cmake_core:/opt/ros/humble /usr/bin/cmake --build /home/petomartin/homework/ros2_ws/build/homework_package -- -j8 -l8
[8.984s] Invoking command in '/home/petomartin/homework/ros2_ws/build/homework_package': CMAKE_PREFIX_PATH=${CMAKE_PREFIX_PATH}:/home/petomartin/ros2_ws/install/my_robot_controller:/home/petomartin/ros2_ws/install/gazesim:/home/petomartin/install/my_robot_controller:/home/petomartin/install/ament_cmake_core:/opt/ros/humble /usr/bin/cmake --install /home/petomartin/homework/ros2_ws/build/homework_package
[8.990s] -- Install configuration: ""
[8.992s] -- Execute custom install script
[8.993s] -- Up-to-date symlink: /home/petomartin/homework/ros2_ws/install/homework_package/lib/homework_package/division_node
[8.994s] -- Up-to-date symlink: /home/petomartin/homework/ros2_ws/install/homework_package/lib/homework_package/division_node_B
[8.995s] -- Up-to-date symlink: /home/petomartin/homework/ros2_ws/install/homework_package/lib/homework_package/division_node_C
[8.995s] -- Up-to-date symlink: /home/petomartin/homework/ros2_ws/install/homework_package/share/ament_index/resource_index/package_run_dependencies/homework_package
[8.995s] -- Up-to-date symlink: /home/petomartin/homework/ros2_ws/install/homework_package/share/ament_index/resource_index/parent_prefix_path/homework_package
[8.996s] -- Up-to-date symlink: /home/petomartin/homework/ros2_ws/install/homework_package/share/homework_package/environment/ament_prefix_path.sh
[8.996s] -- Up-to-date symlink: /home/petomartin/homework/ros2_ws/install/homework_package/share/homework_package/environment/ament_prefix_path.dsv
[8.997s] -- Up-to-date symlink: /home/petomartin/homework/ros2_ws/install/homework_package/share/homework_package/environment/path.sh
[8.997s] -- Up-to-date symlink: /home/petomartin/homework/ros2_ws/install/homework_package/share/homework_package/environment/path.dsv
[8.998s] -- Up-to-date symlink: /home/petomartin/homework/ros2_ws/install/homework_package/share/homework_package/local_setup.bash
[8.998s] -- Up-to-date symlink: /home/petomartin/homework/ros2_ws/install/homework_package/share/homework_package/local_setup.sh
[8.999s] -- Up-to-date symlink: /home/petomartin/homework/ros2_ws/install/homework_package/share/homework_package/local_setup.zsh
[8.999s] -- Up-to-date symlink: /home/petomartin/homework/ros2_ws/install/homework_package/share/homework_package/local_setup.dsv
[8.999s] -- Symlinking: /home/petomartin/homework/ros2_ws/install/homework_package/share/homework_package/package.dsv
[9.009s] -- Up-to-date symlink: /home/petomartin/homework/ros2_ws/install/homework_package/share/ament_index/resource_index/packages/homework_package
[9.009s] -- Up-to-date symlink: /home/petomartin/homework/ros2_ws/install/homework_package/share/homework_package/cmake/homework_packageConfig.cmake
[9.010s] -- Up-to-date symlink: /home/petomartin/homework/ros2_ws/install/homework_package/share/homework_package/cmake/homework_packageConfig-version.cmake
[9.010s] -- Up-to-date symlink: /home/petomartin/homework/ros2_ws/install/homework_package/share/homework_package/package.xml
[9.012s] Invoked command in '/home/petomartin/homework/ros2_ws/build/homework_package' returned '0': CMAKE_PREFIX_PATH=${CMAKE_PREFIX_PATH}:/home/petomartin/ros2_ws/install/my_robot_controller:/home/petomartin/ros2_ws/install/gazesim:/home/petomartin/install/my_robot_controller:/home/petomartin/install/ament_cmake_core:/opt/ros/humble /usr/bin/cmake --install /home/petomartin/homework/ros2_ws/build/homework_package
